<?xml version="1.0" encoding="UTF-8"?>
<!-- Generated by org.testng.reporters.JUnitReportReporter -->
<testsuite hostname="DESKTOP-U1V1D1B" failures="0" tests="1" name="testCases.TC001_AccountRegistrationTest" time="6.283" errors="0" timestamp="2024-07-13T19:09:13 IST" skipped="0">
  <testcase classname="testCases.TC001_AccountRegistrationTest" name="verify_account_registration" time="6.283"/>
</testsuite> <!-- testCases.TC001_AccountRegistrationTest -->
